0 info it worked if it ends with ok
1 verbose cli [ 'C:\\Program Files\\nodejs\\node.exe',
1 verbose cli   'C:\\Users\\scg\\AppData\\Roaming\\npm\\node_modules\\npm\\bin\\npm-cli.js',
1 verbose cli   'install',
1 verbose cli   '-g',
1 verbose cli   'gulp-css-inline' ]
2 info using npm@3.7.4
3 info using node@v4.3.0
4 verbose stack Error: Cannot find module 'read-package-json'
4 verbose stack     at Function.Module._resolveFilename (module.js:326:15)
4 verbose stack     at Function.Module._load (module.js:277:25)
4 verbose stack     at Module.require (module.js:354:17)
4 verbose stack     at require (internal/module.js:12:17)
4 verbose stack     at Object.<anonymous> (C:\Users\scg\AppData\Roaming\npm\node_modules\npm\node_modules\read-package-tree\rpt.js:2:11)
4 verbose stack     at Module._compile (module.js:410:26)
4 verbose stack     at Object.Module._extensions..js (module.js:417:10)
4 verbose stack     at Module.load (module.js:344:32)
4 verbose stack     at Function.Module._load (module.js:301:12)
4 verbose stack     at Module.require (module.js:354:17)
5 verbose cwd C:\wamp\www\MEP\email-campaign\_Resources\Gulp-Email-Creator-master\Gulp-Email-Creator-master
6 error Windows_NT 6.1.7601
7 error argv "C:\\Program Files\\nodejs\\node.exe" "C:\\Users\\scg\\AppData\\Roaming\\npm\\node_modules\\npm\\bin\\npm-cli.js" "install" "-g" "gulp-css-inline"
8 error node v4.3.0
9 error npm  v3.7.4
10 error code MODULE_NOT_FOUND
11 error Cannot find module 'read-package-json'
12 error If you need help, you may report this error at:
12 error     <https://github.com/npm/npm/issues>
13 verbose exit [ 1, true ]
